C:\USERS\JBRIDON\DOCUMENTS\GITHUB\RAYCASTER\DEBUG\RAYCASTER.EXE
C:\USERS\JBRIDON\DOCUMENTS\GITHUB\RAYCASTER\DEBUG\RAYCASTER.ILK
C:\USERS\JBRIDON\DOCUMENTS\GITHUB\RAYCASTER\DEBUG\RAYCASTER.PDB
C:\USERS\JBRIDON\DOCUMENTS\GITHUB\RAYCASTER\RAYCASTER\DEBUG\ASSETMANAGER.OBJ
C:\Users\jbridon\Documents\GitHub\RayCaster\RayCaster\Debug\cl.command.1.tlog
C:\Users\jbridon\Documents\GitHub\RayCaster\RayCaster\Debug\CL.read.1.tlog
C:\Users\jbridon\Documents\GitHub\RayCaster\RayCaster\Debug\CL.write.1.tlog
C:\USERS\JBRIDON\DOCUMENTS\GITHUB\RAYCASTER\RAYCASTER\DEBUG\ENTITY.OBJ
C:\USERS\JBRIDON\DOCUMENTS\GITHUB\RAYCASTER\RAYCASTER\DEBUG\GAMECONTROLLER.OBJ
C:\Users\jbridon\Documents\GitHub\RayCaster\RayCaster\Debug\link.6880.read.1.tlog
C:\Users\jbridon\Documents\GitHub\RayCaster\RayCaster\Debug\link.6880.write.1.tlog
C:\Users\jbridon\Documents\GitHub\RayCaster\RayCaster\Debug\link.6880-cvtres.read.1.tlog
C:\Users\jbridon\Documents\GitHub\RayCaster\RayCaster\Debug\link.6880-cvtres.write.1.tlog
C:\Users\jbridon\Documents\GitHub\RayCaster\RayCaster\Debug\link.command.1.tlog
C:\Users\jbridon\Documents\GitHub\RayCaster\RayCaster\Debug\link.read.1.tlog
C:\Users\jbridon\Documents\GitHub\RayCaster\RayCaster\Debug\link.write.1.tlog
C:\Users\jbridon\Documents\GitHub\RayCaster\RayCaster\Debug\link-cvtres.read.1.tlog
C:\Users\jbridon\Documents\GitHub\RayCaster\RayCaster\Debug\link-cvtres.write.1.tlog
C:\USERS\JBRIDON\DOCUMENTS\GITHUB\RAYCASTER\RAYCASTER\DEBUG\MAIN.OBJ
C:\USERS\JBRIDON\DOCUMENTS\GITHUB\RAYCASTER\RAYCASTER\DEBUG\MAINWINDOW.OBJ
C:\USERS\JBRIDON\DOCUMENTS\GITHUB\RAYCASTER\RAYCASTER\DEBUG\MINIMAPVIEW.OBJ
C:\Users\jbridon\Documents\GitHub\RayCaster\RayCaster\Debug\mt.command.1.tlog
C:\Users\jbridon\Documents\GitHub\RayCaster\RayCaster\Debug\mt.read.1.tlog
C:\Users\jbridon\Documents\GitHub\RayCaster\RayCaster\Debug\mt.write.1.tlog
C:\USERS\JBRIDON\DOCUMENTS\GITHUB\RAYCASTER\RAYCASTER\DEBUG\PLAYER.OBJ
C:\USERS\JBRIDON\DOCUMENTS\GITHUB\RAYCASTER\RAYCASTER\DEBUG\RAYCASTER.EXE.EMBED.MANIFEST
C:\USERS\JBRIDON\DOCUMENTS\GITHUB\RAYCASTER\RAYCASTER\DEBUG\RAYCASTER.EXE.EMBED.MANIFEST.RES
C:\USERS\JBRIDON\DOCUMENTS\GITHUB\RAYCASTER\RAYCASTER\DEBUG\RAYCASTER.EXE.INTERMEDIATE.MANIFEST
C:\Users\jbridon\Documents\GitHub\RayCaster\RayCaster\Debug\RayCaster_manifest.rc
C:\Users\jbridon\Documents\GitHub\RayCaster\RayCaster\Debug\rc.command.1.tlog
C:\Users\jbridon\Documents\GitHub\RayCaster\RayCaster\Debug\rc.read.1.tlog
C:\Users\jbridon\Documents\GitHub\RayCaster\RayCaster\Debug\rc.write.1.tlog
C:\USERS\JBRIDON\DOCUMENTS\GITHUB\RAYCASTER\RAYCASTER\DEBUG\UTILITIES.OBJ
C:\Users\jbridon\Documents\GitHub\RayCaster\RayCaster\Debug\vc100.idb
C:\USERS\JBRIDON\DOCUMENTS\GITHUB\RAYCASTER\RAYCASTER\DEBUG\VC100.PDB
C:\USERS\JBRIDON\DOCUMENTS\GITHUB\RAYCASTER\RAYCASTER\DEBUG\VECTORMATH.OBJ
C:\USERS\JBRIDON\DOCUMENTS\GITHUB\RAYCASTER\RAYCASTER\DEBUG\WORLD.OBJ
C:\USERS\JBRIDON\DOCUMENTS\GITHUB\RAYCASTER\RAYCASTER\DEBUG\WORLDVIEW.OBJ
