Build started 8/22/2013 11:06:26 AM.
     1>Project "C:\Users\jbridon\Documents\GitHub\RayCaster\RayCaster\RayCaster.vcxproj" on node 2 (build target(s)).
     1>InitializeBuildStatus:
         Touching "Debug\RayCaster.unsuccessfulbuild".
       ClCompile:
         c:\Program Files (x86)\Microsoft Visual Studio 10.0\VC\bin\CL.exe /c /I"..\External\SDL-2.0.0\include" /ZI /nologo /W3 /WX- /Od /Oy- /D WIN32 /D _DEBUG /D _CONSOLE /D _MBCS /Gm /EHsc /RTC1 /MD /GS /fp:precise /Zc:wchar_t /Zc:forScope /Fo"Debug\\" /Fd"Debug\vc100.pdb" /Gd /TP /analyze- /errorReport:prompt AssetManager.cpp Entity.cpp GameController.cpp Main.cpp MainWindow.cpp MinimapView.cpp Player.cpp Utilities.cpp VectorMath.cpp World.cpp WorldView.cpp
         WorldView.cpp
         World.cpp
         VectorMath.cpp
         Utilities.cpp
         Player.cpp
         MinimapView.cpp
         MainWindow.cpp
         Main.cpp
         GameController.cpp
         Entity.cpp
         AssetManager.cpp
         Generating Code...
       ManifestResourceCompile:
         All outputs are up-to-date.
       Link:
         c:\Program Files (x86)\Microsoft Visual Studio 10.0\VC\bin\link.exe /ERRORREPORT:PROMPT /OUT:"C:\Users\jbridon\Documents\GitHub\RayCaster\Debug\RayCaster.exe" /INCREMENTAL /NOLOGO kernel32.lib user32.lib gdi32.lib winspool.lib comdlg32.lib advapi32.lib shell32.lib ole32.lib oleaut32.lib uuid.lib odbc32.lib odbccp32.lib /MANIFEST /ManifestFile:"Debug\RayCaster.exe.intermediate.manifest" /MANIFESTUAC:"level='asInvoker' uiAccess='false'" /DEBUG /PDB:"C:\Users\jbridon\Documents\GitHub\RayCaster\Debug\RayCaster.pdb" /SUBSYSTEM:CONSOLE /TLBID:1 /DYNAMICBASE /NXCOMPAT /IMPLIB:"C:\Users\jbridon\Documents\GitHub\RayCaster\Debug\RayCaster.lib" /MACHINE:X86 Debug\RayCaster.exe.embed.manifest.res
         Debug\AssetManager.obj
         Debug\Entity.obj
         Debug\GameController.obj
         Debug\Main.obj
         Debug\MainWindow.obj
         Debug\MinimapView.obj
         Debug\Player.obj
         Debug\Utilities.obj
         Debug\VectorMath.obj
         Debug\World.obj
         Debug\WorldView.obj
         SDL2.lib
         SDL2main.lib
       Manifest:
         C:\Program Files (x86)\Microsoft SDKs\Windows\v7.0A\bin\mt.exe /nologo /verbose /out:"Debug\RayCaster.exe.embed.manifest" /manifest Debug\RayCaster.exe.intermediate.manifest
         All outputs are up-to-date.
       LinkEmbedManifest:
         All outputs are up-to-date.
         RayCaster.vcxproj -> C:\Users\jbridon\Documents\GitHub\RayCaster\Debug\RayCaster.exe
       FinalizeBuildStatus:
         Deleting file "Debug\RayCaster.unsuccessfulbuild".
         Touching "Debug\RayCaster.lastbuildstate".
     1>Done Building Project "C:\Users\jbridon\Documents\GitHub\RayCaster\RayCaster\RayCaster.vcxproj" (build target(s)).

Build succeeded.

Time Elapsed 00:00:08.20
